2016-11-22 13:32:47 INFO  Manager:36 - Usuari rosa afegit
2016-11-22 13:36:19 INFO  Manager:36 - Usuari rosa afegit
2016-11-22 13:36:30 INFO  Manager:36 - Usuari rosa afegit
2016-11-22 13:37:40 INFO  Manager:36 - Usuari rosa afegit
2016-11-22 13:37:40 INFO  Manager:22 - rosa
2016-11-22 13:39:19 INFO  Manager:36 - Usuari rosa afegit
2016-11-22 13:39:19 INFO  Manager:22 - usuari: rosapassword: copitoid: 1 etakemons: null
2016-11-22 13:39:38 INFO  Manager:36 - Usuari rosa afegit
2016-11-22 13:39:38 INFO  Manager:22 - usuari: rosa, password: copito, id: 1, etakemons: null
2016-11-22 15:13:16 INFO  Manager:36 - Usuari rosa afegit
2016-11-22 15:13:16 INFO  Manager:42 - L'usuari seleccionat es:rosa
2016-11-22 15:13:16 INFO  Manager:22 - nom: rosa, password: copito, id: 1, etakemons: null
2016-11-22 15:21:17 INFO  Manager:36 - Usuari rosa afegit
2016-11-22 15:22:43 INFO  Manager:36 - Usuari rosa afegit
2016-11-22 15:22:43 INFO  Manager:46 - L'usuari seleccionat es: rosa
2016-11-22 15:22:43 INFO  Manager:22 - nom: rosa, password: copito, id: 1, etakemons: null
2016-11-22 15:22:49 INFO  Manager:36 - Usuari rosa afegit
2016-11-22 15:22:49 ERROR Manager:43 - l'usuari no existeix
2016-11-22 15:24:03 INFO  Manager:36 - Usuari rosa afegit
2016-11-22 15:24:03 ERROR Manager:43 - l'usuari no existeix
2016-11-22 15:38:54 INFO  Manager:36 - Usuari rosa afegit
2016-11-22 15:38:54 ERROR Manager:43 - l'usuari no existeix
2016-11-22 15:39:39 INFO  Manager:36 - Usuari rosa afegit
2016-11-22 15:39:39 INFO  Manager:46 - L'usuari seleccionat es: rosa
